00000000 a __dldi_lma
00000000 a __end__
00000000 A __sync_synchronize
01ff8000 t __itcm_start
01ff8038 00000018 T __excpt_vectors
01ff8050 0000007c T threadSwitchTo
01ff80cc 000000d4 T threadBlock
01ff81a0 000000d4 T threadUnblockOneByValue
01ff8274 00000138 T threadUnblockAllByValue
01ff83ac 000000f0 T threadUnblockAllByMask
01ff849c 0000002c T armContextSave
01ff84c8 00000020 T armContextLoad
01ff84cc T armContextLoadFromSvc
01ff84e8 00000008 T armWaitForIrq
01ff84f0 0000000c T armDrainWriteBuffer
01ff84fc 00000028 T armDCacheFlushAll
01ff8524 0000001c T armDCacheFlush
01ff8540 0000000c T armICacheInvalidateAll
01ff854c 00000004 t __arm_excpt_rst
01ff8550 00000004 t __arm_excpt_pabt
01ff8554 0000000c t __arm_excpt_und
01ff8560 0000000c t __arm_excpt_dabt
01ff856c 00000030 t __excpt_entry
01ff859c 000000e4 t __arm_excpt_irq
01ff8680 t __itcm_end
02001000 t __crt0_start
02001000 00000060 t __ds9_bootstub_trampoline
02001060 00000074 T crt0ProcessLoadList
020010d4 00000180 T crt0Startup
02001254 0000004c T crt0CopyMem32
020012a0 00000058 T crt0FillMem32
020012f8 000000b4 T crt0SetupMPU
020013c0 t __crt0_end
020013c0 t __main_start
020013c0 T _init
020013cc 00000022 T exit
020013f0 0000021c T main
0200160c t __do_global_dtors_aux
02001638 t frame_dummy
0200165c 0000006c T checkIfText
020016c8 000000e8 T bgUpdate
020017b0 000000a8 T bgInit_call
02001858 000000b0 T bgInitSub_call
02001908 0000006c T scanKeys
02001974 00000010 T keysDown
02001984 00000034 T __sassert
020019b8 0000001a T oamAllocReset
020019d4 00000578 T oamAllocateGfx
02001f4c 00000124 T oamInit
02002070 00000034 T oamGetGfxPtr
020020a4 00000034 T oamGfxPtrToOffset
020020d8 000000fe T oamSet
020021d8 0000006c T oamUpdate
02002244 0000004c T sinLutLookup
02002290 00000038 T sinLerp
020022c8 00000044 T cosLerp
0200230c 000000e8 t newRow
020023f4 000000e0 T consolePrintChar
020024d4 0000034c T con_write
02002820 000002e4 T consoleLoadFont
02002b04 00000170 T consoleInit
02002c74 00000040 T consoleDemoInit
02002cb4 00000010 t _threadTickTask
02002cc4 000000a0 T threadExit
02002d64 00000098 T _threadInit
02002dfc 00000134 T threadPrepare
02002f30 00000094 T threadStart
02002fc4 000000a4 T threadIrqWait
02003068 00000058 T threadSleepTicks
020030c0 000001d4 T threadUpdateDynamicPrio
02003294 00000148 t threadRemoveWaiter
020033dc 00000138 T mutexLock
02003514 000000bc T mutexUnlock
020035d0 00000028 T keypadGetState
020035f8 00000058 T touchRead
02003650 0000001c t _tickCountIsr
0200366c 00000084 t _tickTaskSchedule.part.0.isra.0
020036f0 000000a0 T tickInit
02003790 0000005c T tickGetCount
020037ec 00000110 t _tickTaskIsr
020038fc 00000144 T tickTaskStart
02003a40 00000014 T __syscall_getreent
02003a54 00000024 T __errno
02003a78 00000004 T __syscall_lock_acquire
02003a7c 00000004 T __syscall_lock_release
02003a80 0000004c T __syscall_lock_acquire_recursive
02003acc 00000018 T __syscall_lock_release_recursive
02003ae4 00000004 t _pxiMailboxHandler
02003ae8 00000004 W _pxiRecvUnhandled
02003aec 00000154 t _pxiRecvIrqHandler
02003c40 00000058 T _pxiInit
02003c98 00000074 T pxiSetHandler
02003d0c 00000068 T pxiSetMailbox
02003d74 00000038 T pxiWaitRemote
02003dac 00000050 T pxiSendPacket
02003dfc 00000004 W systemUserStartup
02003e00 00000110 W systemStartup
02003f10 00000064 T irqSet
02003f74 00000098 T mailboxTrySend
0200400c 00000098 T mailboxRecv
020040a4 00000040 t _pmCallEventHandlers
020040e4 0000009c t _pmPxiThreadMain
02004180 00000028 t _pmResetPxiHandler
020041a8 00000004 W systemUserExit
020041ac 00000004 W systemErrorExit
020041b0 00000138 T __syscall_exit
020042e8 00000058 T pmInit
02004340 T __aeabi_idiv
02004340 00000130 T __divsi3
02004348 t .divsi3_skip_div0_test
02004470 00000020 T __aeabi_idivmod
02004490 00000002 W __aeabi_idiv0
02004490 00000002 W __aeabi_ldiv0
02004494 T __aeabi_uldivmod
020044d0 00000192 T __udivmoddi4
02004664 00000028 T __clzdi2
0200468c 00000048 T __clzsi2
020046d4 000000aa T memcpy
02004780 0000001a T viprintf
0200479c 0000008c T memset
02004828 00000018 T realloc
02004840 00000550 T _malloc_r
02004998 a __crt0_lma
02004d58 a __itcm_lma
02004d58 a __loadlist_lma
02004d90 000000ac T _malloc_trim_r
02004e3c 000001d8 T _free_r
02005014 000001ac T setvbuf
020051c0 00000020 t stdio_exit_handler
020051e0 00000040 t cleanup_stdio
02005220 00000120 t global_stdio_init.part.0
02005340 0000003c T __sinit
0200537c 00000014 T __sfp_lock_acquire
02005390 00000014 T __sfp_lock_release
020053a4 00000052 T __libc_init_array
020053f8 00000026 T malloc
02005420 00000014 T free
02005434 00000050 T siscanf
02005484 00000034 T __sread
020054b8 00000004 T __seofread
020054bc 0000004c T __swrite
02005508 0000003c T __sseek
02005544 00000010 T __sclose
02005554 00000344 T _realloc_r
02005898 00000026 T iprintf
020058c0 00000014 T __malloc_lock
020058d4 00000014 T __malloc_unlock
020058e8 000000de T _fclose_r
020059c8 0000000c W __call_exitprocs
020059d4 0000002e T __libc_fini_array
02005a04 00000404 t get_arg
02005e08 000016d6 T _vfiprintf_r
020074e0 0000007c t __sbprintf
0200755c 00000060 T strlen
020075bc 0000004c T _fwalk_sglue
02007608 00000088 T _wcrtomb_r
02007690 00000118 T _memalign_r
020077a8 000000e0 T __smakebuf_r
02007888 0000005c T __swhatbuf_r
020078e4 00000020 T __locale_mb_cur_max
02007904 00000180 T __sflush_r
02007a84 0000006e T _fflush_r
02007af4 00000024 T __sprint_r
02007b18 0000003e t get_arg
02007b56 0000007e T _sungetc_r
02007bd4 00000042 T __ssrefill_r
02007c16 00000088 T _sfread_r
02007ca0 000019d6 T __ssvfiscanf_r
02009678 0000025c t _strtol_l.part.0
020098d4 00000034 T _strtol_r
02009908 00000068 T strncpy
02009970 00000074 T memchr
020099e4 0000001e T _wcsrtombs_r
02009a04 000000d2 T __swsetup_r
02009ad8 00000020 T _localeconv_r
02009af8 00000106 T memmove
02009c00 000000bc T __utf8_wctomb
02009cbc 0000011e T _wcsnrtombs_l
02009ddc 00000040 T _wcsnrtombs_r
02009e1c 0000000e T iswspace
02009e2c 000001c0 t _strtoull_l.isra.0
02009fec 00000020 T _strtoull_r
0200a00c 00000150 t _strtoul_l.isra.0
0200a15c 00000020 T _strtoul_r
0200a17c 0000007c T __submore
0200a1f8 0000024a T __utf8_mbtowc
0200a444 0000009c T _mbrtowc_r
0200a4e0 0000031a T __sfvwrite_r
0200a7fc 000000b0 T __sccl
0200a8ac 00000300 t _strtoll_l.isra.0
0200abac 00000020 T _strtoll_r
0200abcc 00000028 T iswspace_l
0200abf4 0000005c T category
0200ac50 00000014 T _exit
0200ac64 0000005a T _fstat_r
0200acc0 00000020 T __getreent
0200ace0 00000034 T __get_handle
0200ad14 000000ae T _close_r
0200adc4 00000004 t null_write
0200adc8 00000004 T _isatty_r
0200adcc 00000062 T _lseek_r
0200ae30 0000005a T _read_r
0200ae8c 00000050 W _sbrk_r
0200aedc 00000018 T __libc_lock_acquire
0200aef4 00000018 T __libc_lock_release
0200af0c 00000018 T __libc_lock_acquire_recursive
0200af24 00000018 T __libc_lock_release_recursive
0200af3c 0000005a T _write_r
0200af98 00000012 T __gnu_thumb1_case_uqi
0200afac 00000014 T __gnu_thumb1_case_uhi
0200afc0 t .udivsi3_skip_div0_test
0200afc0 T __aeabi_uidiv
0200afc0 000000fc T __udivsi3
0200b0bc 00000020 T __aeabi_uidivmod
0200b0dc 00000056 T __aeabi_lmul
0200b0dc 00000056 T __muldi3
0200b134 T _fini
0200b140 00000008 t ____aeabi_ldiv0_from_arm
0200b148 00000008 t ____aeabi_idiv0_from_arm
0200b150 T birdTiles
0200b250 T birdPal
0200b450 T cage_bgTiles
0200b890 T cage_bgMap
0200c090 T cage_bgPal
0200c3f0 00000102 T SIN_LUT
0200c5c8 00000080 t dotab_stdout
0200c648 T default_font_bin
0200ce48 T default_font_bin_end
0200ce74 00000010 t zeroes.0
0200ce84 00000010 t blanks.1
0200ce94 0000006c T __action_table
0200cf00 0000006c T __state_table
0200cf6c 00000100 T __chclass
0200d06c 00000022 t basefix.0
0200d090 00000101 T _ctype_
0200d194 000037f8 t categories
0201098c 00000080 T dotab_stdnull
02010a10 00000020 D bgTransform
02010a30 00000020 D bgScrollTable
02010a50 00000020 D bgControl
02010a70 00000001 d count
02010a71 00000001 d repeat
02010a72 00000001 d delay
02010a74 00000018 D oamMain
02010a8c 00000001 d firstConsoleInit.0
02010a90 00000004 D currentConsole
02010a94 0000005c D defaultConsole
02010af0 00000004 D __malloc_sbrk_base
02010af4 00000004 D __malloc_trim_threshold
02010af8 00000408 D __malloc_av_
02010f00 0000000c D __sglue
02010f0c 00000004 D _impure_ptr
02010f10 00000200 D _impure_data
02011110 00000254 D __global_locale
02011368 00001000 d handles
02012368 0000000c d __stderr_handle
02012374 0000000c d __stdout_handle
02012380 0000000c d __stdin_handle
0201238c 0000008c D devoptab_list
02012418 r __EH_FRAME_BEGIN__
02012418 r __FRAME_END__
0201241c r __tls_info
02012428 d __frame_dummy_init_array_entry
02012428 d __init_array_start
02012428 d __preinit_array_end
02012428 d __preinit_array_start
0201242c d __do_global_dtors_aux_fini_array_entry
0201242c d __fini_array_start
0201242c d __init_array_end
02012430 d __fini_array_end
02012430 d __main_end
02012430 ? __tls_end
02012430 ? __tls_start
02012430 b completed.1
02012434 b object.0
0201244c 00000008 B bgIsTextLut
02012454 00000140 B bgState
02012594 00000002 b keysrepeat
02012598 00000004 b s_keypad
0201259c 00000400 B OamMemory
0201299c 0000005c B currentCopy
020129f8 00000008 b s_sleepThreads
02012a00 00000008 b s_joinThreads
02012a08 00000070 b s_idleThread
02012a78 00000070 b s_mainThread
02012ae8 00000004 b s_firstTask
02012af0 00000008 b s_highTickCount
02012af8 00000001 b s_tickInit
02012afc 00000004 b s_defaultErrno.0
02012b00 00000004 V __stacksize__
02012b04 00000001 B g_isTwlMode
02012b08 000001f0 b s_pxiChannels
02012cf8 00000004 b s_pxiRecvState
02012cfc 00000008 b s_pxiRecvQueue
02012d04 00000004 b s_pxiSendMutex
02012d08 00000008 b s_mailboxRecvQueue
02012d10 00000200 b s_pmPxiThreadStack
02012f10 00000070 b s_pmPxiThread
02012f80 00000008 b s_pmState
02012f88 00000028 B __malloc_current_mallinfo
02012fb0 00000004 B __malloc_max_total_mem
02012fb4 00000004 B __malloc_max_sbrked_mem
02012fb8 00000004 B __malloc_top_pad
02012fbc 0000000c b __sfp_recursive_mutex
02012fc8 00000168 B __sf
02013130 00000004 B __stdio_exit_handler
02013134 0000000c b __malloc_recursive_mutex
02013140 00000004 b __hndl_lock
02013144 00000004 B fake_heap_start
02013148 00000004 B fake_heap_end
0201314c 00000004 b heap_start.0
02013150 b __heap_start_ntr
02013150 b __main_bss_end
02013160 r __heap_start_twl
02013160 ? __twl_bss_end
02013160 ? __twl_end
02013160 ? __twl_start
02016448 a __loadlist_start
02016478 a __loadlist_end
02400000 a __twl_lma
02400000 a __twl_loadlist_lma
02400000 a __twl_loadlist_start
0240000c a __twl_loadlist_end
02ff0000 ? __dtcm_end
02ff0000 ? __dtcm_start
02ff0000 00000080 B __irq_table
02ff0080 00000018 B __sched_state
02ff0098 b __dtcm_bss_end
02ff3e80 d __sp_usr
02ff3f80 a __sp_irq
02ff3fc0 a __sp_svc
02ff3ff8 a __irq_flags
0e000800 00000198 T __ds9_bootstub
ffff0008 a __arm_excpt_svc
